# JRE version: OpenJDK Runtime Environment (21.0.6) (build 21.0.6+-13355223-b631.42)
# Java VM: OpenJDK 64-Bit Server VM (21.0.6+-13355223-b631.42, mixed mode, tiered, compressed oops, compressed class ptrs, g1 gc, windows-amd64)
GC Precious Log:
 CardTable entry size: 512
 Card Set container configuration: InlinePtr #cards 4 size 8 Array Of Cards #cards 32 size 80 Howl #buckets 8 coarsen threshold 7372 Howl Bitmap #cards 1024 size 144 coarsen threshold 921 Card regions per heap region 1 cards per card region 8192
 CPUs: 4 total, 4 available
 Memory: 12225M
 Large Page Support: Disabled
 NUMA Support: Disabled
 Compressed Oops: Enabled (Zero based)
 Heap Region Size: 4M
 Heap Min Capacity: 8M
 Heap Initial Capacity: 192M
 Heap Max Capacity: 8G
 Pre-touch: Disabled
 Parallel Workers: 4
 Concurrent Workers: 1
 Concurrent Refinement Workers: 4
 Periodic GC: Disabled
Heap:
 garbage-first heap   total 1400832K, used 598758K [0x0000000600000000, 0x0000000800000000)
  region size 4096K, 38 young (155648K), 18 survivors (73728K)
 Metaspace       used 361731K, committed 365632K, reserved 1376256K
  class space    used 45302K, committed 47232K, reserved 1048576K
GC Heap History (20 events):
Event: 2949.269 GC heap before
{Heap before GC invocations=119 (full 0):
 garbage-first heap   total 1323008K, used 1214809K [0x0000000600000000, 0x0000000800000000)
  region size 4096K, 186 young (761856K), 9 survivors (36864K)
 Metaspace       used 306190K, committed 309696K, reserved 1376256K
  class space    used 38414K, committed 40128K, reserved 1048576K
}
Event: 2949.292 GC heap after
{Heap after GC invocations=120 (full 0):
 garbage-first heap   total 1323008K, used 485073K [0x0000000600000000, 0x0000000800000000)
  region size 4096K, 8 young (32768K), 8 survivors (32768K)
 Metaspace       used 306190K, committed 309696K, reserved 1376256K
  class space    used 38414K, committed 40128K, reserved 1048576K
}
Event: 2952.402 GC heap before
{Heap before GC invocations=120 (full 0):
 garbage-first heap   total 1323008K, used 1218257K [0x0000000600000000, 0x0000000800000000)
  region size 4096K, 187 young (765952K), 8 survivors (32768K)
 Metaspace       used 307583K, committed 311040K, reserved 1376256K
  class space    used 38578K, committed 40256K, reserved 1048576K
}
Event: 2952.456 GC heap after
{Heap after GC invocations=121 (full 0):
 garbage-first heap   total 1323008K, used 476150K [0x0000000600000000, 0x0000000800000000)
  region size 4096K, 9 young (36864K), 9 survivors (36864K)
 Metaspace       used 307583K, committed 311040K, reserved 1376256K
  class space    used 38578K, committed 40256K, reserved 1048576K
}
Event: 2954.857 GC heap before
{Heap before GC invocations=121 (full 0):
 garbage-first heap   total 1323008K, used 1213430K [0x0000000600000000, 0x0000000800000000)
  region size 4096K, 189 young (774144K), 9 survivors (36864K)
 Metaspace       used 307612K, committed 311040K, reserved 1376256K
  class space    used 38579K, committed 40256K, reserved 1048576K
}
Event: 2954.891 GC heap after
{Heap after GC invocations=122 (full 0):
 garbage-first heap   total 1323008K, used 476266K [0x0000000600000000, 0x0000000800000000)
  region size 4096K, 9 young (36864K), 9 survivors (36864K)
 Metaspace       used 307612K, committed 311040K, reserved 1376256K
  class space    used 38579K, committed 40256K, reserved 1048576K
}
Event: 2958.102 GC heap before
{Heap before GC invocations=123 (full 0):
 garbage-first heap   total 1323008K, used 1213546K [0x0000000600000000, 0x0000000800000000)
  region size 4096K, 189 young (774144K), 9 survivors (36864K)
 Metaspace       used 307628K, committed 311040K, reserved 1376256K
  class space    used 38580K, committed 40256K, reserved 1048576K
}
Event: 2958.128 GC heap after
{Heap after GC invocations=124 (full 0):
 garbage-first heap   total 1323008K, used 475685K [0x0000000600000000, 0x0000000800000000)
  region size 4096K, 8 young (32768K), 8 survivors (32768K)
 Metaspace       used 307628K, committed 311040K, reserved 1376256K
  class space    used 38580K, committed 40256K, reserved 1048576K
}
Event: 2960.137 GC heap before
{Heap before GC invocations=124 (full 0):
 garbage-first heap   total 1323008K, used 1217061K [0x0000000600000000, 0x0000000800000000)
  region size 4096K, 189 young (774144K), 8 survivors (32768K)
 Metaspace       used 307888K, committed 311360K, reserved 1376256K
  class space    used 38622K, committed 40320K, reserved 1048576K
}
Event: 2960.177 GC heap after
{Heap after GC invocations=125 (full 0):
 garbage-first heap   total 1323008K, used 468714K [0x0000000600000000, 0x0000000800000000)
  region size 4096K, 8 young (32768K), 8 survivors (32768K)
 Metaspace       used 307888K, committed 311360K, reserved 1376256K
  class space    used 38622K, committed 40320K, reserved 1048576K
}
Event: 2963.572 GC heap before
{Heap before GC invocations=125 (full 0):
 garbage-first heap   total 1323008K, used 1214186K [0x0000000600000000, 0x0000000800000000)
  region size 4096K, 191 young (782336K), 8 survivors (32768K)
 Metaspace       used 310471K, committed 313920K, reserved 1376256K
  class space    used 38995K, committed 40704K, reserved 1048576K
}
Event: 2963.605 GC heap after
{Heap after GC invocations=126 (full 0):
 garbage-first heap   total 1323008K, used 472458K [0x0000000600000000, 0x0000000800000000)
  region size 4096K, 9 young (36864K), 9 survivors (36864K)
 Metaspace       used 310471K, committed 313920K, reserved 1376256K
  class space    used 38995K, committed 40704K, reserved 1048576K
}
Event: 2966.797 GC heap before
{Heap before GC invocations=127 (full 0):
 garbage-first heap   total 1323008K, used 1213834K [0x0000000600000000, 0x0000000800000000)
  region size 4096K, 190 young (778240K), 9 survivors (36864K)
 Metaspace       used 312551K, committed 315968K, reserved 1376256K
  class space    used 39219K, committed 40896K, reserved 1048576K
}
Event: 2966.828 GC heap after
{Heap after GC invocations=128 (full 0):
 garbage-first heap   total 1323008K, used 472358K [0x0000000600000000, 0x0000000800000000)
  region size 4096K, 8 young (32768K), 8 survivors (32768K)
 Metaspace       used 312551K, committed 315968K, reserved 1376256K
  class space    used 39219K, committed 40896K, reserved 1048576K
}
Event: 2969.140 GC heap before
{Heap before GC invocations=128 (full 0):
 garbage-first heap   total 1323008K, used 1217830K [0x0000000600000000, 0x0000000800000000)
  region size 4096K, 190 young (778240K), 8 survivors (32768K)
 Metaspace       used 313727K, committed 317184K, reserved 1376256K
  class space    used 39364K, committed 41088K, reserved 1048576K
}
Event: 2969.200 GC heap after
{Heap after GC invocations=129 (full 0):
 garbage-first heap   total 1323008K, used 489146K [0x0000000600000000, 0x0000000800000000)
  region size 4096K, 13 young (53248K), 13 survivors (53248K)
 Metaspace       used 313727K, committed 317184K, reserved 1376256K
  class space    used 39364K, committed 41088K, reserved 1048576K
}
Event: 2972.663 GC heap before
{Heap before GC invocations=129 (full 0):
 garbage-first heap   total 1323008K, used 919226K [0x0000000600000000, 0x0000000800000000)
  region size 4096K, 120 young (491520K), 13 survivors (53248K)
 Metaspace       used 317080K, committed 320576K, reserved 1376256K
  class space    used 39740K, committed 41472K, reserved 1048576K
}
Event: 2972.686 GC heap after
{Heap after GC invocations=130 (full 0):
 garbage-first heap   total 1323008K, used 466944K [0x0000000600000000, 0x0000000800000000)
  region size 4096K, 7 young (28672K), 7 survivors (28672K)
 Metaspace       used 317080K, committed 320576K, reserved 1376256K
  class space    used 39740K, committed 41472K, reserved 1048576K
}
Event: 5425.017 GC heap before
{Heap before GC invocations=131 (full 0):
 garbage-first heap   total 1323008K, used 1318911K [0x0000000600000000, 0x0000000800000000)
  region size 4096K, 182 young (745472K), 7 survivors (28672K)
 Metaspace       used 357993K, committed 361856K, reserved 1376256K
  class space    used 44878K, committed 46784K, reserved 1048576K
}
Event: 5425.413 GC heap after
{Heap after GC invocations=132 (full 0):
 garbage-first heap   total 1400832K, used 520934K [0x0000000600000000, 0x0000000800000000)
  region size 4096K, 18 young (73728K), 18 survivors (73728K)
 Metaspace       used 357993K, committed 361856K, reserved 1376256K
  class space    used 44878K, committed 46784K, reserved 1048576K
}

